<?xml version="1.0" encoding="UTF-8"?>
<!-- Generated by org.testng.reporters.JUnitReportReporter -->
<testsuite hostname="6LXDW33" failures="0" tests="1" name="com.einfochips.testCases.HomepageTest" time="5.336" errors="0" timestamp="17 Jan 2023 10:46:03 GMT" skipped="0">
  <testcase classname="com.einfochips.testCases.HomepageTest" name="Services" time="5.336"/>
</testsuite> <!-- com.einfochips.testCases.HomepageTest -->
